<?xml version="1.0" encoding="UTF-8"?>
<!-- Generated by org.testng.reporters.JUnitReportReporter -->
<testsuite skipped="0" hostname="Gopal-chetty-Kalangis-MacBook-Pro.local" name="testCases.VerifyProduct" tests="1" failures="0" timestamp="01 Oct 2017 19:33:45 GMT" time="0.013" errors="0">
  <testcase name="VerifyPrice" time="0.013" classname="testCases.VerifyProduct"/>
</testsuite> <!-- testCases.VerifyProduct -->
