<?xml version="1.0" encoding="UTF-8"?>
<!-- Generated by org.testng.reporters.JUnitReportReporter -->
<testsuite skipped="0" hostname="Gopal-chetty-Kalangis-MacBook-Pro.local" name="testCases.VerifyProduct" tests="1" failures="0" timestamp="16 Oct 2017 21:47:09 GMT" time="0.028" errors="0">
  <testcase name="VerifyPrice" time="0.028" classname="testCases.VerifyProduct"/>
</testsuite> <!-- testCases.VerifyProduct -->
